2024-01-19 19:49:38 INFO::Getting Air Passengers data...
2024-01-19 19:50:03 INFO::Transforming data...
2024-01-19 19:50:03 INFO::Log
2024-01-19 19:50:07 INFO::Transforming data...
2024-01-19 19:50:07 INFO::Log
2024-01-19 19:50:07 INFO::Box-Cox
2024-01-19 19:50:11 INFO::Transforming data...
2024-01-19 19:50:11 INFO::Log
2024-01-19 19:50:19 INFO::*** Generating Forecasts ***
2024-01-19 19:50:19 INFO::Method(s): Naive
2024-01-19 19:50:19 INFO::Initial Split
2024-01-19 19:50:19 INFO::Future Frame
2024-01-19 19:50:19 INFO::Modeltime Table
2024-01-19 19:50:19 INFO::*** Fitting Algorithm ***
2024-01-19 19:50:19 INFO::Method(s): Naive
2024-01-19 19:50:19 INFO::Initial Split
2024-01-19 19:50:19 INFO::Recipe Specification
2024-01-19 19:50:19 INFO::Model Specification
2024-01-19 19:50:19 INFO::Workflow Specification
2024-01-19 19:50:19 INFO::Fitting
2024-01-19 19:50:20 INFO::Calibration
2024-01-19 19:50:20 INFO::Residuals
2024-01-19 19:50:20 INFO::Accuracy Evaluation
2024-01-19 19:50:20 INFO::Test Forecasting
2024-01-19 19:50:20 INFO::Refitting
2024-01-19 19:50:20 INFO::Out-of-Sample Forecasting
2024-01-19 19:50:35 INFO::*** Generating Forecasts ***
2024-01-19 19:50:35 INFO::Method(s): ETS, SARIMA
2024-01-19 19:50:35 INFO::Initial Split
2024-01-19 19:50:35 INFO::Future Frame
2024-01-19 19:50:35 INFO::Modeltime Table
2024-01-19 19:50:35 INFO::*** Fitting Algorithm ***
2024-01-19 19:50:35 INFO::Method(s): ETS
2024-01-19 19:50:35 INFO::Initial Split
2024-01-19 19:50:35 INFO::Recipe Specification
2024-01-19 19:50:35 INFO::Model Specification
2024-01-19 19:50:35 INFO::Workflow Specification
2024-01-19 19:50:35 INFO::Fitting
2024-01-19 19:50:36 INFO::*** Fitting Algorithm ***
2024-01-19 19:50:36 INFO::Method(s): SARIMA
2024-01-19 19:50:36 INFO::Initial Split
2024-01-19 19:50:36 INFO::Recipe Specification
2024-01-19 19:50:36 INFO::Model Specification
2024-01-19 19:50:36 INFO::Workflow Specification
2024-01-19 19:50:36 INFO::Fitting
2024-01-19 19:50:37 INFO::Ensembling
2024-01-19 19:50:37 INFO::Calibration
2024-01-19 19:50:37 INFO::Residuals
2024-01-19 19:50:38 INFO::Accuracy Evaluation
2024-01-19 19:50:38 INFO::Test Forecasting
2024-01-19 19:50:39 INFO::Refitting
2024-01-19 19:50:42 INFO::Out-of-Sample Forecasting
2024-01-20 08:45:10 INFO::Getting Air Passengers data...
2024-01-20 08:45:36 INFO::*** Generating Forecasts ***
2024-01-20 08:45:36 INFO::Method(s): ETS
2024-01-20 08:45:36 INFO::Initial Split
2024-01-20 08:45:36 INFO::Future Frame
2024-01-20 08:45:36 INFO::Modeltime Table
2024-01-20 08:45:36 INFO::*** Fitting Algorithm ***
2024-01-20 08:45:36 INFO::Method(s): ETS
2024-01-20 08:45:36 INFO::Initial Split
2024-01-20 08:45:36 INFO::Recipe Specification
2024-01-20 08:45:36 INFO::Model Specification
2024-01-20 08:45:36 INFO::Workflow Specification
2024-01-20 08:45:36 INFO::Fitting
2024-01-20 08:45:37 INFO::Calibration
2024-01-20 08:45:37 INFO::Residuals
2024-01-20 08:45:37 INFO::Accuracy Evaluation
2024-01-20 08:45:37 INFO::Test Forecasting
2024-01-20 08:45:37 INFO::Refitting
2024-01-20 08:45:38 INFO::Out-of-Sample Forecasting
2024-01-20 08:52:00 INFO::Getting Air Passengers data...
2024-01-20 08:53:13 INFO::*** Generating Forecasts ***
2024-01-20 08:53:13 INFO::Method(s): ETS
2024-01-20 08:53:13 INFO::Initial Split
2024-01-20 08:53:13 INFO::Future Frame
2024-01-20 08:53:13 INFO::Modeltime Table
2024-01-20 08:53:13 INFO::*** Fitting Algorithm ***
2024-01-20 08:53:13 INFO::Method(s): ETS
2024-01-20 08:53:13 INFO::Initial Split
2024-01-20 08:53:13 INFO::Recipe Specification
2024-01-20 08:53:13 INFO::Model Specification
2024-01-20 08:53:13 INFO::Workflow Specification
2024-01-20 08:53:13 INFO::Fitting
2024-01-20 08:53:14 INFO::Calibration
2024-01-20 08:53:14 INFO::Residuals
2024-01-20 08:53:14 INFO::Accuracy Evaluation
2024-01-20 08:53:14 INFO::Test Forecasting
2024-01-20 08:53:14 INFO::Refitting
2024-01-20 08:53:14 INFO::Out-of-Sample Forecasting
2024-01-20 08:57:02 INFO::Getting Air Passengers data...
2024-01-20 08:57:26 INFO::*** Generating Forecasts ***
2024-01-20 08:57:26 INFO::Method(s): ETS
2024-01-20 08:57:26 INFO::Initial Split
2024-01-20 08:57:26 INFO::Future Frame
2024-01-20 08:57:26 INFO::Modeltime Table
2024-01-20 08:57:26 INFO::*** Fitting Algorithm ***
2024-01-20 08:57:26 INFO::Method(s): ETS
2024-01-20 08:57:26 INFO::Initial Split
2024-01-20 08:57:26 INFO::Recipe Specification
2024-01-20 08:57:26 INFO::Model Specification
2024-01-20 08:57:26 INFO::Workflow Specification
2024-01-20 08:57:26 INFO::Fitting
2024-01-20 08:58:04 INFO::*** Generating Forecasts ***
2024-01-20 08:58:04 INFO::Method(s): ETS
2024-01-20 08:58:04 INFO::Initial Split
2024-01-20 08:58:04 INFO::Future Frame
2024-01-20 08:58:04 INFO::Modeltime Table
2024-01-20 08:58:04 INFO::*** Fitting Algorithm ***
2024-01-20 08:58:04 INFO::Method(s): ETS
2024-01-20 08:58:04 INFO::Initial Split
2024-01-20 08:58:04 INFO::Recipe Specification
2024-01-20 08:58:04 INFO::Model Specification
2024-01-20 08:58:04 INFO::Workflow Specification
2024-01-20 08:58:04 INFO::Fitting
2024-01-20 08:58:29 INFO::*** Generating Forecasts ***
2024-01-20 08:58:29 INFO::Method(s): ETS
2024-01-20 08:58:29 INFO::Initial Split
2024-01-20 08:58:29 INFO::Future Frame
2024-01-20 08:58:29 INFO::Modeltime Table
2024-01-20 08:58:29 INFO::*** Fitting Algorithm ***
2024-01-20 08:58:29 INFO::Method(s): ETS
2024-01-20 08:58:29 INFO::Initial Split
2024-01-20 08:58:29 INFO::Recipe Specification
2024-01-20 08:58:29 INFO::Model Specification
2024-01-20 08:58:29 INFO::Workflow Specification
2024-01-20 08:58:29 INFO::Fitting
2024-01-20 08:58:44 INFO::*** Generating Forecasts ***
2024-01-20 08:58:44 INFO::Method(s): ETS
2024-01-20 08:58:44 INFO::Initial Split
2024-01-20 08:58:44 INFO::Future Frame
2024-01-20 08:58:44 INFO::Modeltime Table
2024-01-20 08:58:44 INFO::*** Fitting Algorithm ***
2024-01-20 08:58:44 INFO::Method(s): ETS
2024-01-20 08:58:44 INFO::Initial Split
2024-01-20 08:58:44 INFO::Recipe Specification
2024-01-20 08:58:44 INFO::Model Specification
2024-01-20 08:58:44 INFO::Workflow Specification
2024-01-20 08:58:44 INFO::Fitting
2024-01-20 08:58:45 INFO::Calibration
2024-01-20 08:58:45 INFO::Residuals
2024-01-20 08:58:45 INFO::Accuracy Evaluation
2024-01-20 08:58:45 INFO::Test Forecasting
2024-01-20 08:58:45 INFO::Refitting
2024-01-20 08:58:46 INFO::Out-of-Sample Forecasting
2024-01-20 08:59:06 INFO::*** Generating Forecasts ***
2024-01-20 08:59:06 INFO::Method(s): SARIMA
2024-01-20 08:59:06 INFO::Initial Split
2024-01-20 08:59:06 INFO::Future Frame
2024-01-20 08:59:06 INFO::Modeltime Table
2024-01-20 08:59:06 INFO::*** Fitting Algorithm ***
2024-01-20 08:59:06 INFO::Method(s): SARIMA
2024-01-20 08:59:06 INFO::Initial Split
2024-01-20 08:59:06 INFO::Recipe Specification
2024-01-20 08:59:06 INFO::Model Specification
2024-01-20 08:59:06 INFO::Workflow Specification
2024-01-20 08:59:06 INFO::Fitting
2024-01-20 08:59:06 INFO::Calibration
2024-01-20 08:59:06 INFO::Residuals
2024-01-20 08:59:06 INFO::Accuracy Evaluation
2024-01-20 08:59:07 INFO::Test Forecasting
2024-01-20 08:59:07 INFO::Refitting
2024-01-20 08:59:07 INFO::Out-of-Sample Forecasting
2024-01-20 08:59:16 INFO::*** Generating Forecasts ***
2024-01-20 08:59:16 INFO::Method(s): SARIMA
2024-01-20 08:59:16 INFO::Initial Split
2024-01-20 08:59:16 INFO::Future Frame
2024-01-20 08:59:16 INFO::Modeltime Table
2024-01-20 08:59:16 INFO::*** Fitting Algorithm ***
2024-01-20 08:59:16 INFO::Method(s): SARIMA
2024-01-20 08:59:16 INFO::Initial Split
2024-01-20 08:59:16 INFO::Recipe Specification
2024-01-20 08:59:16 INFO::Model Specification
2024-01-20 08:59:16 INFO::Workflow Specification
2024-01-20 08:59:16 INFO::Fitting
2024-01-20 08:59:16 INFO::Calibration
2024-01-20 08:59:16 INFO::Residuals
2024-01-20 08:59:16 INFO::Accuracy Evaluation
2024-01-20 08:59:17 INFO::Test Forecasting
2024-01-20 08:59:17 INFO::Refitting
2024-01-20 08:59:17 INFO::Out-of-Sample Forecasting
2024-01-20 11:11:43 INFO::Getting Air Passengers data...
2024-01-20 11:11:52 INFO::*** Generating Forecasts ***
2024-01-20 11:11:52 INFO::Method(s): ETS
2024-01-20 11:11:52 INFO::Initial Split
2024-01-20 11:11:52 INFO::Future Frame
2024-01-20 11:11:52 INFO::Modeltime Table
2024-01-20 11:11:52 INFO::*** Fitting Algorithm ***
2024-01-20 11:11:52 INFO::Method(s): ETS
2024-01-20 11:11:52 INFO::Initial Split
2024-01-20 11:11:52 INFO::Recipe Specification
2024-01-20 11:11:52 INFO::Model Specification
2024-01-20 11:11:52 INFO::Workflow Specification
2024-01-20 11:11:52 INFO::Fitting
2024-01-20 11:11:52 INFO::Calibration
2024-01-20 11:11:52 INFO::Residuals
2024-01-20 11:11:52 INFO::Accuracy Evaluation
2024-01-20 11:11:53 INFO::Test Forecasting
2024-01-20 11:11:53 INFO::Refitting
2024-01-20 11:11:53 INFO::Out-of-Sample Forecasting
2024-01-20 11:12:27 INFO::*** Generating Forecasts ***
2024-01-20 11:12:27 INFO::Method(s): ETS
2024-01-20 11:12:27 INFO::Initial Split
2024-01-20 11:12:27 INFO::Future Frame
2024-01-20 11:12:27 INFO::Modeltime Table
2024-01-20 11:12:27 INFO::*** Fitting Algorithm ***
2024-01-20 11:12:27 INFO::Method(s): ETS
2024-01-20 11:12:27 INFO::Initial Split
2024-01-20 11:12:27 INFO::Recipe Specification
2024-01-20 11:12:27 INFO::Model Specification
2024-01-20 11:12:27 INFO::Workflow Specification
2024-01-20 11:12:27 INFO::Fitting
2024-01-20 11:12:31 INFO::*** Generating Forecasts ***
2024-01-20 11:12:31 INFO::Method(s): ETS
2024-01-20 11:12:31 INFO::Initial Split
2024-01-20 11:12:31 INFO::Future Frame
2024-01-20 11:12:31 INFO::Modeltime Table
2024-01-20 11:12:31 INFO::*** Fitting Algorithm ***
2024-01-20 11:12:31 INFO::Method(s): ETS
2024-01-20 11:12:31 INFO::Initial Split
2024-01-20 11:12:31 INFO::Recipe Specification
2024-01-20 11:12:31 INFO::Model Specification
2024-01-20 11:12:31 INFO::Workflow Specification
2024-01-20 11:12:31 INFO::Fitting
2024-01-20 11:12:37 INFO::*** Generating Forecasts ***
2024-01-20 11:12:37 INFO::Method(s): ETS
2024-01-20 11:12:37 INFO::Initial Split
2024-01-20 11:12:37 INFO::Future Frame
2024-01-20 11:12:37 INFO::Modeltime Table
2024-01-20 11:12:37 INFO::*** Fitting Algorithm ***
2024-01-20 11:12:37 INFO::Method(s): ETS
2024-01-20 11:12:37 INFO::Initial Split
2024-01-20 11:12:37 INFO::Recipe Specification
2024-01-20 11:12:37 INFO::Model Specification
2024-01-20 11:12:37 INFO::Workflow Specification
2024-01-20 11:12:37 INFO::Fitting
2024-01-20 11:12:38 INFO::Calibration
2024-01-20 11:12:38 INFO::Residuals
2024-01-20 11:12:38 INFO::Accuracy Evaluation
2024-01-20 11:12:38 INFO::Test Forecasting
2024-01-20 11:12:38 INFO::Refitting
2024-01-20 11:12:39 INFO::Out-of-Sample Forecasting
2024-01-20 11:12:43 INFO::*** Generating Forecasts ***
2024-01-20 11:12:43 INFO::Method(s): ETS
2024-01-20 11:12:43 INFO::Initial Split
2024-01-20 11:12:43 INFO::Future Frame
2024-01-20 11:12:43 INFO::Modeltime Table
2024-01-20 11:12:43 INFO::*** Fitting Algorithm ***
2024-01-20 11:12:43 INFO::Method(s): ETS
2024-01-20 11:12:43 INFO::Initial Split
2024-01-20 11:12:43 INFO::Recipe Specification
2024-01-20 11:12:43 INFO::Model Specification
2024-01-20 11:12:43 INFO::Workflow Specification
2024-01-20 11:12:43 INFO::Fitting
2024-01-20 11:12:43 INFO::Calibration
2024-01-20 11:12:43 INFO::Residuals
2024-01-20 11:12:43 INFO::Accuracy Evaluation
2024-01-20 11:12:44 INFO::Test Forecasting
2024-01-20 11:12:44 INFO::Refitting
2024-01-20 11:12:44 INFO::Out-of-Sample Forecasting
2024-01-20 11:13:42 INFO::Getting Air Passengers data...
2024-01-20 11:13:45 INFO::*** Generating Forecasts ***
2024-01-20 11:13:45 INFO::Method(s): ETS
2024-01-20 11:13:45 INFO::Initial Split
2024-01-20 11:13:45 INFO::Future Frame
2024-01-20 11:13:45 INFO::Modeltime Table
2024-01-20 11:13:45 INFO::*** Fitting Algorithm ***
2024-01-20 11:13:45 INFO::Method(s): ETS
2024-01-20 11:13:45 INFO::Initial Split
2024-01-20 11:13:45 INFO::Recipe Specification
2024-01-20 11:13:45 INFO::Model Specification
2024-01-20 11:13:45 INFO::Workflow Specification
2024-01-20 11:13:45 INFO::Fitting
2024-01-20 11:13:46 INFO::Calibration
2024-01-20 11:13:46 INFO::Residuals
2024-01-20 11:13:46 INFO::Accuracy Evaluation
2024-01-20 11:13:46 INFO::Test Forecasting
2024-01-20 11:13:46 INFO::Refitting
2024-01-20 11:13:47 INFO::Out-of-Sample Forecasting
2024-01-20 11:14:04 INFO::*** Generating Forecasts ***
2024-01-20 11:14:04 INFO::Method(s): ETS
2024-01-20 11:14:04 INFO::Initial Split
2024-01-20 11:14:04 INFO::Future Frame
2024-01-20 11:14:04 INFO::Modeltime Table
2024-01-20 11:14:04 INFO::*** Fitting Algorithm ***
2024-01-20 11:14:04 INFO::Method(s): ETS
2024-01-20 11:14:04 INFO::Initial Split
2024-01-20 11:14:04 INFO::Recipe Specification
2024-01-20 11:14:04 INFO::Model Specification
2024-01-20 11:14:04 INFO::Workflow Specification
2024-01-20 11:14:04 INFO::Fitting
2024-01-20 11:14:04 INFO::Calibration
2024-01-20 11:14:04 INFO::Residuals
2024-01-20 11:14:04 INFO::Accuracy Evaluation
2024-01-20 11:14:05 INFO::Test Forecasting
2024-01-20 11:14:05 INFO::Refitting
2024-01-20 11:14:05 INFO::Out-of-Sample Forecasting
2024-01-20 11:14:11 INFO::*** Generating Forecasts ***
2024-01-20 11:14:11 INFO::Method(s): ETS
2024-01-20 11:14:11 INFO::Initial Split
2024-01-20 11:14:11 INFO::Future Frame
2024-01-20 11:14:11 INFO::Modeltime Table
2024-01-20 11:14:11 INFO::*** Fitting Algorithm ***
2024-01-20 11:14:11 INFO::Method(s): ETS
2024-01-20 11:14:11 INFO::Initial Split
2024-01-20 11:14:11 INFO::Recipe Specification
2024-01-20 11:14:11 INFO::Model Specification
2024-01-20 11:14:11 INFO::Workflow Specification
2024-01-20 11:14:11 INFO::Fitting
2024-01-20 11:14:11 INFO::Calibration
2024-01-20 11:14:11 INFO::Residuals
2024-01-20 11:14:11 INFO::Accuracy Evaluation
2024-01-20 11:14:12 INFO::Test Forecasting
2024-01-20 11:14:12 INFO::Refitting
2024-01-20 11:14:12 INFO::Out-of-Sample Forecasting
2024-01-20 11:14:16 INFO::*** Generating Forecasts ***
2024-01-20 11:14:16 INFO::Method(s): ETS
2024-01-20 11:14:16 INFO::Initial Split
2024-01-20 11:14:16 INFO::Future Frame
2024-01-20 11:14:16 INFO::Modeltime Table
2024-01-20 11:14:16 INFO::*** Fitting Algorithm ***
2024-01-20 11:14:16 INFO::Method(s): ETS
2024-01-20 11:14:16 INFO::Initial Split
2024-01-20 11:14:16 INFO::Recipe Specification
2024-01-20 11:14:16 INFO::Model Specification
2024-01-20 11:14:16 INFO::Workflow Specification
2024-01-20 11:14:16 INFO::Fitting
2024-01-20 11:14:16 INFO::Calibration
2024-01-20 11:14:16 INFO::Residuals
2024-01-20 11:14:16 INFO::Accuracy Evaluation
2024-01-20 11:14:16 INFO::Test Forecasting
2024-01-20 11:14:17 INFO::Refitting
2024-01-20 11:14:17 INFO::Out-of-Sample Forecasting
2024-01-20 11:14:32 INFO::*** Generating Forecasts ***
2024-01-20 11:14:32 INFO::Method(s): ETS
2024-01-20 11:14:32 INFO::Initial Split
2024-01-20 11:14:32 INFO::Future Frame
2024-01-20 11:14:32 INFO::Modeltime Table
2024-01-20 11:14:32 INFO::*** Fitting Algorithm ***
2024-01-20 11:14:32 INFO::Method(s): ETS
2024-01-20 11:14:32 INFO::Initial Split
2024-01-20 11:14:32 INFO::Recipe Specification
2024-01-20 11:14:32 INFO::Model Specification
2024-01-20 11:14:32 INFO::Workflow Specification
2024-01-20 11:14:32 INFO::Fitting
2024-01-20 11:14:32 INFO::Calibration
2024-01-20 11:14:32 INFO::Residuals
2024-01-20 11:14:32 INFO::Accuracy Evaluation
2024-01-20 11:14:33 INFO::Test Forecasting
2024-01-20 11:14:33 INFO::Refitting
2024-01-20 11:14:33 INFO::Out-of-Sample Forecasting
2024-01-20 11:14:49 INFO::*** Generating Forecasts ***
2024-01-20 11:14:49 INFO::Method(s): ETS
2024-01-20 11:14:49 INFO::Initial Split
2024-01-20 11:14:49 INFO::Future Frame
2024-01-20 11:14:49 INFO::Modeltime Table
2024-01-20 11:14:49 INFO::*** Fitting Algorithm ***
2024-01-20 11:14:49 INFO::Method(s): ETS
2024-01-20 11:14:49 INFO::Initial Split
2024-01-20 11:14:49 INFO::Recipe Specification
2024-01-20 11:14:49 INFO::Model Specification
2024-01-20 11:14:49 INFO::Workflow Specification
2024-01-20 11:14:49 INFO::Fitting
2024-01-20 11:14:49 INFO::Calibration
2024-01-20 11:14:49 INFO::Residuals
2024-01-20 11:14:49 INFO::Accuracy Evaluation
2024-01-20 11:14:50 INFO::Test Forecasting
2024-01-20 11:14:50 INFO::Refitting
2024-01-20 11:14:50 INFO::Out-of-Sample Forecasting
2024-01-20 11:15:07 INFO::*** Generating Forecasts ***
2024-01-20 11:15:07 INFO::Method(s): ETS
2024-01-20 11:15:07 INFO::Initial Split
2024-01-20 11:15:07 INFO::Future Frame
2024-01-20 11:15:07 INFO::Modeltime Table
2024-01-20 11:15:07 INFO::*** Fitting Algorithm ***
2024-01-20 11:15:07 INFO::Method(s): ETS
2024-01-20 11:15:07 INFO::Initial Split
2024-01-20 11:15:07 INFO::Recipe Specification
2024-01-20 11:15:07 INFO::Model Specification
2024-01-20 11:15:07 INFO::Workflow Specification
2024-01-20 11:15:07 INFO::Fitting
2024-01-20 11:15:08 INFO::Calibration
2024-01-20 11:15:08 INFO::Residuals
2024-01-20 11:15:08 INFO::Accuracy Evaluation
2024-01-20 11:15:08 INFO::Test Forecasting
2024-01-20 11:15:08 INFO::Refitting
2024-01-20 11:15:09 INFO::Out-of-Sample Forecasting
2024-01-20 11:15:22 INFO::*** Generating Forecasts ***
2024-01-20 11:15:22 INFO::Method(s): ETS
2024-01-20 11:15:22 INFO::Initial Split
2024-01-20 11:15:22 INFO::Future Frame
2024-01-20 11:15:22 INFO::Modeltime Table
2024-01-20 11:15:22 INFO::*** Fitting Algorithm ***
2024-01-20 11:15:22 INFO::Method(s): ETS
2024-01-20 11:15:22 INFO::Initial Split
2024-01-20 11:15:22 INFO::Recipe Specification
2024-01-20 11:15:22 INFO::Model Specification
2024-01-20 11:15:22 INFO::Workflow Specification
2024-01-20 11:15:22 INFO::Fitting
2024-01-20 11:15:22 INFO::Calibration
2024-01-20 11:15:22 INFO::Residuals
2024-01-20 11:15:22 INFO::Accuracy Evaluation
2024-01-20 11:15:23 INFO::Test Forecasting
2024-01-20 11:15:23 INFO::Refitting
2024-01-20 11:15:23 INFO::Out-of-Sample Forecasting
2024-01-20 13:39:11 INFO::Getting Air Passengers data...
2024-01-20 13:39:20 INFO::*** Generating Forecasts ***
2024-01-20 13:39:20 INFO::Method(s): ETS
2024-01-20 13:39:20 INFO::Initial Split
2024-01-20 13:39:20 INFO::Future Frame
2024-01-20 13:39:20 INFO::Modeltime Table
2024-01-20 13:39:20 INFO::*** Fitting Algorithm ***
2024-01-20 13:39:20 INFO::Method(s): ETS
2024-01-20 13:39:20 INFO::Initial Split
2024-01-20 13:39:20 INFO::Recipe Specification
2024-01-20 13:39:20 INFO::Model Specification
2024-01-20 13:39:20 INFO::Workflow Specification
2024-01-20 13:39:20 INFO::Fitting
2024-01-20 13:39:20 INFO::Calibration
2024-01-20 13:39:20 INFO::Residuals
2024-01-20 13:39:20 INFO::Accuracy Evaluation
2024-01-20 13:39:20 INFO::Test Forecasting
2024-01-20 13:39:21 INFO::Refitting
2024-01-20 13:39:21 INFO::Out-of-Sample Forecasting
2024-01-20 13:49:05 INFO::Getting Air Passengers data...
2024-01-20 13:49:40 INFO::Getting Air Passengers data...
2024-01-20 13:49:53 INFO::Hypothesis testing...
2024-01-20 13:49:53 INFO::Normality Tests
2024-01-20 13:49:53 INFO::Autocorrelation Tests
2024-01-20 13:49:53 INFO::Statinarity Tests
2024-01-20 13:49:53 INFO::Hypothesis testing...
2024-01-20 13:49:53 INFO::Normality Tests
2024-01-20 13:49:53 INFO::Autocorrelation Tests
2024-01-20 13:49:53 INFO::Statinarity Tests
2024-01-20 13:50:32 INFO::*** Generating Forecasts ***
2024-01-20 13:50:32 INFO::Method(s): ETS
2024-01-20 13:50:32 INFO::Initial Split
2024-01-20 13:50:33 INFO::Future Frame
2024-01-20 13:50:33 INFO::Modeltime Table
2024-01-20 13:50:33 INFO::*** Fitting Algorithm ***
2024-01-20 13:50:33 INFO::Method(s): ETS
2024-01-20 13:50:33 INFO::Initial Split
2024-01-20 13:50:33 INFO::Recipe Specification
2024-01-20 13:50:33 INFO::Model Specification
2024-01-20 13:50:33 INFO::Workflow Specification
2024-01-20 13:50:33 INFO::Fitting
2024-01-20 13:50:33 INFO::Calibration
2024-01-20 13:50:33 INFO::Residuals
2024-01-20 13:50:33 INFO::Accuracy Evaluation
2024-01-20 13:50:33 INFO::Test Forecasting
2024-01-20 13:50:34 INFO::Refitting
2024-01-20 13:50:34 INFO::Out-of-Sample Forecasting
2024-01-20 13:52:00 INFO::Getting Air Passengers data...
2024-01-20 13:52:01 INFO::*** Generating Forecasts ***
2024-01-20 13:52:01 INFO::Method(s): ETS
2024-01-20 13:52:01 INFO::Initial Split
2024-01-20 13:52:01 INFO::Future Frame
2024-01-20 13:52:01 INFO::Modeltime Table
2024-01-20 13:52:01 INFO::*** Fitting Algorithm ***
2024-01-20 13:52:01 INFO::Method(s): ETS
2024-01-20 13:52:01 INFO::Initial Split
2024-01-20 13:52:01 INFO::Recipe Specification
2024-01-20 13:52:01 INFO::Model Specification
2024-01-20 13:52:01 INFO::Workflow Specification
2024-01-20 13:52:01 INFO::Fitting
2024-01-20 13:52:02 INFO::Calibration
2024-01-20 13:52:02 INFO::Residuals
2024-01-20 13:52:02 INFO::Accuracy Evaluation
2024-01-20 13:52:02 INFO::Test Forecasting
2024-01-20 13:52:02 INFO::Refitting
2024-01-20 13:52:03 INFO::Out-of-Sample Forecasting
2024-01-20 13:52:43 INFO::*** Generating Forecasts ***
2024-01-20 13:52:43 INFO::Method(s): ETS
2024-01-20 13:52:43 INFO::Initial Split
2024-01-20 13:52:43 INFO::Future Frame
2024-01-20 13:52:43 INFO::Modeltime Table
2024-01-20 13:52:43 INFO::*** Fitting Algorithm ***
2024-01-20 13:52:43 INFO::Method(s): ETS
2024-01-20 13:52:43 INFO::Initial Split
2024-01-20 13:52:43 INFO::Recipe Specification
2024-01-20 13:52:43 INFO::Model Specification
2024-01-20 13:52:43 INFO::Workflow Specification
2024-01-20 13:52:43 INFO::Fitting
2024-01-20 13:52:44 INFO::Calibration
2024-01-20 13:52:44 INFO::Residuals
2024-01-20 13:52:44 INFO::Accuracy Evaluation
2024-01-20 13:52:44 INFO::Test Forecasting
2024-01-20 13:52:44 INFO::Refitting
2024-01-20 13:52:44 INFO::Out-of-Sample Forecasting
2024-01-20 13:53:53 INFO::Getting Air Passengers data...
2024-01-20 13:53:56 INFO::*** Generating Forecasts ***
2024-01-20 13:53:56 INFO::Method(s): ETS
2024-01-20 13:53:56 INFO::Initial Split
2024-01-20 13:53:56 INFO::Future Frame
2024-01-20 13:53:56 INFO::Modeltime Table
2024-01-20 13:53:56 INFO::*** Fitting Algorithm ***
2024-01-20 13:53:56 INFO::Method(s): ETS
2024-01-20 13:53:56 INFO::Initial Split
2024-01-20 13:53:56 INFO::Recipe Specification
2024-01-20 13:53:56 INFO::Model Specification
2024-01-20 13:53:56 INFO::Workflow Specification
2024-01-20 13:53:56 INFO::Fitting
2024-01-20 13:53:57 INFO::Calibration
2024-01-20 13:53:57 INFO::Residuals
2024-01-20 13:53:57 INFO::Accuracy Evaluation
2024-01-20 13:53:57 INFO::Test Forecasting
2024-01-20 13:53:57 INFO::Refitting
2024-01-20 13:53:57 INFO::Out-of-Sample Forecasting
2024-01-20 14:09:27 INFO::Getting Air Passengers data...
2024-01-20 14:09:39 INFO::*** Generating Forecasts ***
2024-01-20 14:09:39 INFO::Method(s): ETS
2024-01-20 14:09:39 INFO::Initial Split
2024-01-20 14:09:39 INFO::Future Frame
2024-01-20 14:09:39 INFO::Modeltime Table
2024-01-20 14:09:39 INFO::*** Fitting Algorithm ***
2024-01-20 14:09:39 INFO::Method(s): ETS
2024-01-20 14:09:39 INFO::Initial Split
2024-01-20 14:09:39 INFO::Recipe Specification
2024-01-20 14:09:39 INFO::Model Specification
2024-01-20 14:09:39 INFO::Workflow Specification
2024-01-20 14:09:39 INFO::Fitting
2024-01-20 14:09:39 INFO::Calibration
2024-01-20 14:09:39 INFO::Residuals
2024-01-20 14:09:39 INFO::Accuracy Evaluation
2024-01-20 14:09:40 INFO::Test Forecasting
2024-01-20 14:09:40 INFO::Refitting
2024-01-20 14:09:40 INFO::Out-of-Sample Forecasting
2024-01-20 14:10:18 INFO::Getting Air Passengers data...
2024-01-20 14:10:34 INFO::Getting Air Passengers data...
2024-01-20 14:22:10 INFO::Getting Air Passengers data...
2024-01-20 14:22:34 INFO::*** Generating Forecasts ***
2024-01-20 14:22:34 INFO::Method(s): ETS
2024-01-20 14:22:34 INFO::Initial Split
2024-01-20 14:22:34 INFO::Future Frame
2024-01-20 14:22:34 INFO::Modeltime Table
2024-01-20 14:22:34 INFO::*** Fitting Algorithm ***
2024-01-20 14:22:34 INFO::Method(s): ETS
2024-01-20 14:22:34 INFO::Initial Split
2024-01-20 14:22:34 INFO::Recipe Specification
2024-01-20 14:22:34 INFO::Model Specification
2024-01-20 14:22:34 INFO::Workflow Specification
2024-01-20 14:22:34 INFO::Fitting
2024-01-20 14:22:34 INFO::Calibration
2024-01-20 14:22:34 INFO::Residuals
2024-01-20 14:22:34 INFO::Accuracy Evaluation
2024-01-20 14:22:35 INFO::Test Forecasting
2024-01-20 14:22:35 INFO::Refitting
2024-01-20 14:22:35 INFO::Out-of-Sample Forecasting
2024-01-20 14:22:43 INFO::*** Generating Forecasts ***
2024-01-20 14:22:43 INFO::Method(s): STLM
2024-01-20 14:22:43 INFO::Initial Split
2024-01-20 14:22:43 INFO::Future Frame
2024-01-20 14:22:43 INFO::Modeltime Table
2024-01-20 14:22:43 INFO::*** Fitting Algorithm ***
2024-01-20 14:22:43 INFO::Method(s): STLM
2024-01-20 14:22:43 INFO::Initial Split
2024-01-20 14:22:43 INFO::Recipe Specification
2024-01-20 14:22:43 INFO::Model Specification
2024-01-20 14:22:44 INFO::Workflow Specification
2024-01-20 14:22:44 INFO::Fitting
2024-01-20 14:22:44 INFO::Calibration
2024-01-20 14:22:44 INFO::Residuals
2024-01-20 14:22:44 INFO::Accuracy Evaluation
2024-01-20 14:22:44 INFO::Test Forecasting
2024-01-20 14:22:44 INFO::Refitting
2024-01-20 14:22:44 INFO::Out-of-Sample Forecasting
